<?xml version="1.0" encoding="UTF-8"?>
<!-- Generated by org.testng.reporters.JUnitXMLReporter -->
<testsuite ignored="0" hostname="Emi-PC" failures="1" tests="4" name="page-object-model" time="189.127" errors="0" timestamp="2021-10-20T18:38:14 CEST">
  <testcase classname="mk.sedc.tests.BrokenLinksTest" name="testCase1" time="12.348"/>
  <testcase classname="mk.sedc.tests.BrokenLinksTest" name="testCase2" time="4.781"/>
  <testcase classname="mk.sedc.tests.BrokenLinksTest" name="testCase3" time="4.829">
    <failure type="java.lang.AssertionError" message="Vtoriot link expected [true] but found [false]">
      <![CDATA[java.lang.AssertionError: Vtoriot link expected [true] but found [false]
at mk.sedc.tests.BrokenLinksTest.testCase3(BrokenLinksTest.java:27)
at java.base/java.util.ArrayList.forEach(ArrayList.java:1541)
at com.intellij.rt.testng.IDEARemoteTestNG.run(IDEARemoteTestNG.java:66)
at com.intellij.rt.testng.RemoteTestNGStarter.main(RemoteTestNGStarter.java:109)
... Removed 27 stack frames]]>
    </failure>
  </testcase> <!-- testCase3 -->
  <testcase classname="mk.sedc.tests.BrokenLinksTest" name="testCase4" time="54.546"/>
</testsuite> <!-- page-object-model -->
